CRITICAL - 2023-10-05 21:34:29 --> Undefined variable $header
in APPPATH\Views\welcome_message.php on line 1.
 1 APPPATH\Views\welcome_message.php(1): CodeIgniter\Debug\Exceptions->errorHandler(2, 'Undefined variable $header', 'C:\\nginx-1.24.0\\html\\app\\Views\\welcome_message.php', 1)
 2 SYSTEMPATH\View\View.php(226): include('C:\\nginx-1.24.0\\html\\app\\Views\\welcome_message.php')
 3 SYSTEMPATH\View\View.php(229): CodeIgniter\View\View->CodeIgniter\View\{closure}()
 4 SYSTEMPATH\Common.php(1188): CodeIgniter\View\View->render('welcome_message', [], true)
 5 APPPATH\Controllers\Home.php(13): view('welcome_message')
 6 SYSTEMPATH\CodeIgniter.php(919): App\Controllers\Home->index()
 7 SYSTEMPATH\CodeIgniter.php(494): CodeIgniter\CodeIgniter->runController(Object(App\Controllers\Home))
 8 SYSTEMPATH\CodeIgniter.php(353): CodeIgniter\CodeIgniter->handleRequest(null, Object(Config\Cache), false)
 9 FCPATH\index.php(82): CodeIgniter\CodeIgniter->run()
CRITICAL - 2023-10-05 21:34:29 --> Undefined variable $header
in APPPATH\Views\welcome_message.php on line 1.
 1 APPPATH\Views\welcome_message.php(1): CodeIgniter\Debug\Exceptions->errorHandler(2, 'Undefined variable $header', 'C:\\nginx-1.24.0\\html\\app\\Views\\welcome_message.php', 1)
 2 SYSTEMPATH\View\View.php(226): include('C:\\nginx-1.24.0\\html\\app\\Views\\welcome_message.php')
 3 SYSTEMPATH\View\View.php(229): CodeIgniter\View\View->CodeIgniter\View\{closure}()
 4 SYSTEMPATH\Common.php(1188): CodeIgniter\View\View->render('welcome_message', [], true)
 5 APPPATH\Controllers\Home.php(13): view('welcome_message')
 6 SYSTEMPATH\CodeIgniter.php(919): App\Controllers\Home->index()
 7 SYSTEMPATH\CodeIgniter.php(494): CodeIgniter\CodeIgniter->runController(Object(App\Controllers\Home))
 8 SYSTEMPATH\CodeIgniter.php(353): CodeIgniter\CodeIgniter->handleRequest(null, Object(Config\Cache), false)
 9 FCPATH\index.php(82): CodeIgniter\CodeIgniter->run()
CRITICAL - 2023-10-05 21:34:30 --> Undefined variable $header
in APPPATH\Views\welcome_message.php on line 1.
 1 APPPATH\Views\welcome_message.php(1): CodeIgniter\Debug\Exceptions->errorHandler(2, 'Undefined variable $header', 'C:\\nginx-1.24.0\\html\\app\\Views\\welcome_message.php', 1)
 2 SYSTEMPATH\View\View.php(226): include('C:\\nginx-1.24.0\\html\\app\\Views\\welcome_message.php')
 3 SYSTEMPATH\View\View.php(229): CodeIgniter\View\View->CodeIgniter\View\{closure}()
 4 SYSTEMPATH\Common.php(1188): CodeIgniter\View\View->render('welcome_message', [], true)
 5 APPPATH\Controllers\Home.php(13): view('welcome_message')
 6 SYSTEMPATH\CodeIgniter.php(919): App\Controllers\Home->index()
 7 SYSTEMPATH\CodeIgniter.php(494): CodeIgniter\CodeIgniter->runController(Object(App\Controllers\Home))
 8 SYSTEMPATH\CodeIgniter.php(353): CodeIgniter\CodeIgniter->handleRequest(null, Object(Config\Cache), false)
 9 FCPATH\index.php(82): CodeIgniter\CodeIgniter->run()
