CRITICAL - 2023-10-09 20:20:35 --> Invalid file: "blog.php"
in SYSTEMPATH\Exceptions\FrameworkException.php on line 39.
 1 SYSTEMPATH\View\View.php(214): CodeIgniter\Exceptions\FrameworkException::forInvalidFile('blog.php')
 2 SYSTEMPATH\Common.php(1188): CodeIgniter\View\View->render('blog', [], true)
 3 APPPATH\Controllers\Blog.php(9): view('blog', [...])
 4 SYSTEMPATH\CodeIgniter.php(919): App\Controllers\Blog->index('test')
 5 SYSTEMPATH\CodeIgniter.php(494): CodeIgniter\CodeIgniter->runController(Object(App\Controllers\Blog))
 6 SYSTEMPATH\CodeIgniter.php(353): CodeIgniter\CodeIgniter->handleRequest(null, Object(Config\Cache), false)
 7 FCPATH\index.php(82): CodeIgniter\CodeIgniter->run()
ERROR - 2023-10-09 20:54:50 --> Error connecting to the database: mysqli_sql_exception: Access denied for user ''@'localhost' (using password: NO) in C:\nginx-1.24.0\html\vendor\codeigniter4\framework\system\Database\MySQLi\Connection.php:185
Stack trace:
#0 C:\nginx-1.24.0\html\vendor\codeigniter4\framework\system\Database\MySQLi\Connection.php(185): mysqli->real_connect('localhost', '', '', '', 3306, '', 0)
#1 C:\nginx-1.24.0\html\vendor\codeigniter4\framework\system\Database\BaseConnection.php(391): CodeIgniter\Database\MySQLi\Connection->connect(false)
#2 C:\nginx-1.24.0\html\vendor\codeigniter4\framework\system\Database\MySQLi\Connection.php(346): CodeIgniter\Database\BaseConnection->initialize()
#3 C:\nginx-1.24.0\html\vendor\codeigniter4\framework\system\Database\BaseConnection.php(1296): CodeIgniter\Database\MySQLi\Connection->_escapeString('test')
#4 C:\nginx-1.24.0\html\vendor\codeigniter4\framework\system\Database\BaseConnection.php(1330): CodeIgniter\Database\BaseConnection->escapeString('test', true)
#5 C:\nginx-1.24.0\html\app\Models\BlogModel.php(9): CodeIgniter\Database\BaseConnection->escapeLikeString('test')
#6 C:\nginx-1.24.0\html\app\Controllers\Api.php(15): App\Models\BlogModel->getBlog('test')
#7 C:\nginx-1.24.0\html\vendor\codeigniter4\framework\system\CodeIgniter.php(919): App\Controllers\Api->getBlog('test')
#8 C:\nginx-1.24.0\html\vendor\codeigniter4\framework\system\CodeIgniter.php(494): CodeIgniter\CodeIgniter->runController(Object(App\Controllers\Api))
#9 C:\nginx-1.24.0\html\vendor\codeigniter4\framework\system\CodeIgniter.php(353): CodeIgniter\CodeIgniter->handleRequest(NULL, Object(Config\Cache), false)
#10 C:\nginx-1.24.0\html\index.php(82): CodeIgniter\CodeIgniter->run()
#11 {main}

Next CodeIgniter\Database\Exceptions\DatabaseException: Access denied for user ''@'localhost' (using password: NO) in C:\nginx-1.24.0\html\vendor\codeigniter4\framework\system\Database\MySQLi\Connection.php:229
Stack trace:
#0 C:\nginx-1.24.0\html\vendor\codeigniter4\framework\system\Database\BaseConnection.php(391): CodeIgniter\Database\MySQLi\Connection->connect(false)
#1 C:\nginx-1.24.0\html\vendor\codeigniter4\framework\system\Database\MySQLi\Connection.php(346): CodeIgniter\Database\BaseConnection->initialize()
#2 C:\nginx-1.24.0\html\vendor\codeigniter4\framework\system\Database\BaseConnection.php(1296): CodeIgniter\Database\MySQLi\Connection->_escapeString('test')
#3 C:\nginx-1.24.0\html\vendor\codeigniter4\framework\system\Database\BaseConnection.php(1330): CodeIgniter\Database\BaseConnection->escapeString('test', true)
#4 C:\nginx-1.24.0\html\app\Models\BlogModel.php(9): CodeIgniter\Database\BaseConnection->escapeLikeString('test')
#5 C:\nginx-1.24.0\html\app\Controllers\Api.php(15): App\Models\BlogModel->getBlog('test')
#6 C:\nginx-1.24.0\html\vendor\codeigniter4\framework\system\CodeIgniter.php(919): App\Controllers\Api->getBlog('test')
#7 C:\nginx-1.24.0\html\vendor\codeigniter4\framework\system\CodeIgniter.php(494): CodeIgniter\CodeIgniter->runController(Object(App\Controllers\Api))
#8 C:\nginx-1.24.0\html\vendor\codeigniter4\framework\system\CodeIgniter.php(353): CodeIgniter\CodeIgniter->handleRequest(NULL, Object(Config\Cache), false)
#9 C:\nginx-1.24.0\html\index.php(82): CodeIgniter\CodeIgniter->run()
#10 {main}
CRITICAL - 2023-10-09 20:54:50 --> Unable to connect to the database.
Main connection [MySQLi]: Access denied for user ''@'localhost' (using password: NO)
in SYSTEMPATH\Database\BaseConnection.php on line 427.
 1 SYSTEMPATH\Database\MySQLi\Connection.php(346): CodeIgniter\Database\BaseConnection->initialize()
 2 SYSTEMPATH\Database\BaseConnection.php(1296): CodeIgniter\Database\MySQLi\Connection->_escapeString('test')
 3 SYSTEMPATH\Database\BaseConnection.php(1330): CodeIgniter\Database\BaseConnection->escapeString('test', true)
 4 APPPATH\Models\BlogModel.php(9): CodeIgniter\Database\BaseConnection->escapeLikeString('test')
 5 APPPATH\Controllers\Api.php(15): App\Models\BlogModel->getBlog('test')
 6 SYSTEMPATH\CodeIgniter.php(919): App\Controllers\Api->getBlog('test')
 7 SYSTEMPATH\CodeIgniter.php(494): CodeIgniter\CodeIgniter->runController(Object(App\Controllers\Api))
 8 SYSTEMPATH\CodeIgniter.php(353): CodeIgniter\CodeIgniter->handleRequest(null, Object(Config\Cache), false)
 9 FCPATH\index.php(82): CodeIgniter\CodeIgniter->run()
ERROR - 2023-10-09 20:54:50 --> Error connecting to the database: mysqli_sql_exception: Access denied for user ''@'localhost' (using password: NO) in C:\nginx-1.24.0\html\vendor\codeigniter4\framework\system\Database\MySQLi\Connection.php:185
Stack trace:
#0 C:\nginx-1.24.0\html\vendor\codeigniter4\framework\system\Database\MySQLi\Connection.php(185): mysqli->real_connect('localhost', '', '', '', 3306, '', 0)
#1 C:\nginx-1.24.0\html\vendor\codeigniter4\framework\system\Database\BaseConnection.php(391): CodeIgniter\Database\MySQLi\Connection->connect(false)
#2 C:\nginx-1.24.0\html\vendor\codeigniter4\framework\system\Database\MySQLi\Connection.php(346): CodeIgniter\Database\BaseConnection->initialize()
#3 C:\nginx-1.24.0\html\vendor\codeigniter4\framework\system\Database\BaseConnection.php(1296): CodeIgniter\Database\MySQLi\Connection->_escapeString('test')
#4 C:\nginx-1.24.0\html\vendor\codeigniter4\framework\system\Database\BaseConnection.php(1330): CodeIgniter\Database\BaseConnection->escapeString('test', true)
#5 C:\nginx-1.24.0\html\app\Models\BlogModel.php(9): CodeIgniter\Database\BaseConnection->escapeLikeString('test')
#6 C:\nginx-1.24.0\html\app\Controllers\Api.php(15): App\Models\BlogModel->getBlog('test')
#7 C:\nginx-1.24.0\html\vendor\codeigniter4\framework\system\CodeIgniter.php(919): App\Controllers\Api->getBlog('test')
#8 C:\nginx-1.24.0\html\vendor\codeigniter4\framework\system\CodeIgniter.php(494): CodeIgniter\CodeIgniter->runController(Object(App\Controllers\Api))
#9 C:\nginx-1.24.0\html\vendor\codeigniter4\framework\system\CodeIgniter.php(353): CodeIgniter\CodeIgniter->handleRequest(NULL, Object(Config\Cache), false)
#10 C:\nginx-1.24.0\html\index.php(82): CodeIgniter\CodeIgniter->run()
#11 {main}

Next CodeIgniter\Database\Exceptions\DatabaseException: Access denied for user ''@'localhost' (using password: NO) in C:\nginx-1.24.0\html\vendor\codeigniter4\framework\system\Database\MySQLi\Connection.php:229
Stack trace:
#0 C:\nginx-1.24.0\html\vendor\codeigniter4\framework\system\Database\BaseConnection.php(391): CodeIgniter\Database\MySQLi\Connection->connect(false)
#1 C:\nginx-1.24.0\html\vendor\codeigniter4\framework\system\Database\MySQLi\Connection.php(346): CodeIgniter\Database\BaseConnection->initialize()
#2 C:\nginx-1.24.0\html\vendor\codeigniter4\framework\system\Database\BaseConnection.php(1296): CodeIgniter\Database\MySQLi\Connection->_escapeString('test')
#3 C:\nginx-1.24.0\html\vendor\codeigniter4\framework\system\Database\BaseConnection.php(1330): CodeIgniter\Database\BaseConnection->escapeString('test', true)
#4 C:\nginx-1.24.0\html\app\Models\BlogModel.php(9): CodeIgniter\Database\BaseConnection->escapeLikeString('test')
#5 C:\nginx-1.24.0\html\app\Controllers\Api.php(15): App\Models\BlogModel->getBlog('test')
#6 C:\nginx-1.24.0\html\vendor\codeigniter4\framework\system\CodeIgniter.php(919): App\Controllers\Api->getBlog('test')
#7 C:\nginx-1.24.0\html\vendor\codeigniter4\framework\system\CodeIgniter.php(494): CodeIgniter\CodeIgniter->runController(Object(App\Controllers\Api))
#8 C:\nginx-1.24.0\html\vendor\codeigniter4\framework\system\CodeIgniter.php(353): CodeIgniter\CodeIgniter->handleRequest(NULL, Object(Config\Cache), false)
#9 C:\nginx-1.24.0\html\index.php(82): CodeIgniter\CodeIgniter->run()
#10 {main}
CRITICAL - 2023-10-09 20:54:50 --> Unable to connect to the database.
Main connection [MySQLi]: Access denied for user ''@'localhost' (using password: NO)
in SYSTEMPATH\Database\BaseConnection.php on line 427.
 1 SYSTEMPATH\Database\MySQLi\Connection.php(346): CodeIgniter\Database\BaseConnection->initialize()
 2 SYSTEMPATH\Database\BaseConnection.php(1296): CodeIgniter\Database\MySQLi\Connection->_escapeString('test')
 3 SYSTEMPATH\Database\BaseConnection.php(1330): CodeIgniter\Database\BaseConnection->escapeString('test', true)
 4 APPPATH\Models\BlogModel.php(9): CodeIgniter\Database\BaseConnection->escapeLikeString('test')
 5 APPPATH\Controllers\Api.php(15): App\Models\BlogModel->getBlog('test')
 6 SYSTEMPATH\CodeIgniter.php(919): App\Controllers\Api->getBlog('test')
 7 SYSTEMPATH\CodeIgniter.php(494): CodeIgniter\CodeIgniter->runController(Object(App\Controllers\Api))
 8 SYSTEMPATH\CodeIgniter.php(353): CodeIgniter\CodeIgniter->handleRequest(null, Object(Config\Cache), false)
 9 FCPATH\index.php(82): CodeIgniter\CodeIgniter->run()
